<?xml version="1.0" encoding="UTF-8"?>
<!-- Generated by org.testng.reporters.JUnitXMLReporter -->
<testsuite ignored="0" hostname="LAPTOP-JSAI8PDM" failures="0" tests="5" name="Default test" time="37.759" errors="0" timestamp="2023-04-25T18:14:22 PDT">
  <testcase classname="com.tutorialninja.rediff.assignment_24th_apr_2023.TutorialNinja_Logout" name="logUser" time="2.536"/>
  <testcase classname="com.tutorialninja.rediff.assignment_24th_apr_2023.TutorialNinja_Logout" name="logUser" time="2.414"/>
  <testcase classname="com.tutorialninja.rediff.assignment_24th_apr_2023.TutorialNinja_Logout" name="logUser" time="2.294"/>
  <testcase classname="com.tutorialninja.rediff.assignment_24th_apr_2023.TutorialNinja_Logout" name="logUser" time="2.289"/>
  <testcase classname="com.tutorialninja.rediff.assignment_24th_apr_2023.TutorialNinja_Logout" name="logUser" time="2.278"/>
</testsuite> <!-- Default test -->
