<?xml version="1.0" encoding="UTF-8"?>
<!-- Generated by org.testng.reporters.JUnitXMLReporter -->
<testsuite ignored="0" hostname="LAPTOP-JSAI8PDM" failures="1" tests="1" name="Test" time="0.068" errors="0" timestamp="2023-05-01T02:55:11 PDT">
  <testcase classname="parameter_registration_tutorialNinja.Parameter_Register_TutorialNinja" name="registerTutorialNinja" time="0.01">
    <failure type="java.lang.NullPointerException" message="Cannot invoke &amp;quot;org.openqa.selenium.WebDriver.get(String)&amp;quot; because &amp;quot;this.driver&amp;quot; is null">
      <![CDATA[java.lang.NullPointerException: Cannot invoke "org.openqa.selenium.WebDriver.get(String)" because "this.driver" is null
at parameter_registration_tutorialNinja.Parameter_Register_TutorialNinja.registerTutorialNinja(Parameter_Register_TutorialNinja.java:26)
at java.base/java.util.ArrayList.forEach(ArrayList.java:1511)
... Removed 27 stack frames]]>
    </failure>
  </testcase> <!-- registerTutorialNinja -->
</testsuite> <!-- Test -->
