<?xml version="1.0" encoding="UTF-8"?>
<!-- Generated by org.testng.reporters.JUnitXMLReporter -->
<testsuite ignored="0" hostname="LAPTOP-JSAI8PDM" failures="0" tests="13" name="Batch Running Test" time="103.504" errors="0" timestamp="2023-04-25T18:16:28 PDT">
  <testcase classname="com.tutorialninja.rediff.assignment_24th_apr_2023.Rediff_LoginScreen" name="testCase1" time="8.847"/>
  <testcase classname="com.tutorialninja.rediff.assignment_24th_apr_2023.Rediff_LoginScreen" name="testCase1" time="7.811"/>
  <testcase classname="com.tutorialninja.rediff.assignment_24th_apr_2023.Tutorial_Register_New_User" name="registerNewUser" time="2.006"/>
  <testcase classname="com.tutorialninja.rediff.assignment_24th_apr_2023.TutorialNinja_Login" name="loginUser" time="1.522"/>
  <testcase classname="com.tutorialninja.rediff.assignment_24th_apr_2023.TutorialNinja_Login" name="loginUser" time="1.603"/>
  <testcase classname="com.tutorialninja.rediff.assignment_24th_apr_2023.TutorialNinja_Login" name="loginUser" time="1.782"/>
  <testcase classname="com.tutorialninja.rediff.assignment_24th_apr_2023.TutorialNinja_Login" name="loginUser" time="1.606"/>
  <testcase classname="com.tutorialninja.rediff.assignment_24th_apr_2023.TutorialNinja_Login" name="loginUser" time="1.574"/>
  <testcase classname="com.tutorialninja.rediff.assignment_24th_apr_2023.TutorialNinja_Logout" name="logUser" time="2.275"/>
  <testcase classname="com.tutorialninja.rediff.assignment_24th_apr_2023.TutorialNinja_Logout" name="logUser" time="2.332"/>
  <testcase classname="com.tutorialninja.rediff.assignment_24th_apr_2023.TutorialNinja_Logout" name="logUser" time="2.342"/>
  <testcase classname="com.tutorialninja.rediff.assignment_24th_apr_2023.TutorialNinja_Logout" name="logUser" time="2.265"/>
  <testcase classname="com.tutorialninja.rediff.assignment_24th_apr_2023.TutorialNinja_Logout" name="logUser" time="2.327"/>
</testsuite> <!-- Batch Running Test -->
