<?xml version="1.0" encoding="UTF-8"?>
<!-- Generated by org.testng.reporters.JUnitXMLReporter -->
<testsuite ignored="0" hostname="LAPTOP-JSAI8PDM" failures="0" tests="13" name="Batch Running Test" time="256.094" errors="0" timestamp="2023-04-27T12:16:01 PDT">
  <testcase classname="com.tutorialninja.rediff.assignment_24th_apr_2023.Rediff_LoginScreen" name="testCase1" time="10.581"/>
  <testcase classname="com.tutorialninja.rediff.assignment_24th_apr_2023.Rediff_LoginScreen" name="testCase1" time="17.319"/>
  <testcase classname="com.tutorialninja.rediff.assignment_24th_apr_2023.Tutorial_Register_New_User" name="registerNewUser" time="7.71"/>
  <testcase classname="com.tutorialninja.rediff.assignment_24th_apr_2023.TutorialNinja_Login" name="loginUser" time="2.125"/>
  <testcase classname="com.tutorialninja.rediff.assignment_24th_apr_2023.TutorialNinja_Login" name="loginUser" time="2.866"/>
  <testcase classname="com.tutorialninja.rediff.assignment_24th_apr_2023.TutorialNinja_Login" name="loginUser" time="3.223"/>
  <testcase classname="com.tutorialninja.rediff.assignment_24th_apr_2023.TutorialNinja_Login" name="loginUser" time="2.735"/>
  <testcase classname="com.tutorialninja.rediff.assignment_24th_apr_2023.TutorialNinja_Login" name="loginUser" time="1.653"/>
  <testcase classname="com.tutorialninja.rediff.assignment_24th_apr_2023.TutorialNinja_Logout" name="logUser" time="2.957"/>
  <testcase classname="com.tutorialninja.rediff.assignment_24th_apr_2023.TutorialNinja_Logout" name="logUser" time="3.227"/>
  <testcase classname="com.tutorialninja.rediff.assignment_24th_apr_2023.TutorialNinja_Logout" name="logUser" time="2.852"/>
  <testcase classname="com.tutorialninja.rediff.assignment_24th_apr_2023.TutorialNinja_Logout" name="logUser" time="2.517"/>
  <testcase classname="com.tutorialninja.rediff.assignment_24th_apr_2023.TutorialNinja_Logout" name="logUser" time="2.523"/>
</testsuite> <!-- Batch Running Test -->
